0 info it worked if it ends with ok
1 verbose cli [ 'C:\\Program Files\\nodejs\\\\node.exe',
1 verbose cli   'C:\\Program Files\\nodejs\\node_modules\\npm\\bin\\npm-cli.js',
1 verbose cli   'install',
1 verbose cli   'ejs',
1 verbose cli   '2.3.1' ]
2 info using npm@1.4.28
3 info using node@v0.10.32
4 verbose node symlink C:\Program Files\nodejs\\node.exe
5 warn package.json 2@0.0.1 No repository field.
6 verbose readDependencies using package.json deps
7 verbose cache add [ 'ejs@^0.8.8', null ]
8 verbose cache add name=undefined spec="ejs@^0.8.8" args=["ejs@^0.8.8",null]
9 verbose parsed url { protocol: null,
9 verbose parsed url   slashes: null,
9 verbose parsed url   auth: null,
9 verbose parsed url   host: null,
9 verbose parsed url   port: null,
9 verbose parsed url   hostname: null,
9 verbose parsed url   hash: null,
9 verbose parsed url   search: null,
9 verbose parsed url   query: null,
9 verbose parsed url   pathname: 'ejs@^0.8.8',
9 verbose parsed url   path: 'ejs@^0.8.8',
9 verbose parsed url   href: 'ejs@^0.8.8' }
10 verbose cache add [ '2.3.1', null ]
11 verbose cache add name=undefined spec="2.3.1" args=["2.3.1",null]
12 verbose parsed url { protocol: null,
12 verbose parsed url   slashes: null,
12 verbose parsed url   auth: null,
12 verbose parsed url   host: null,
12 verbose parsed url   port: null,
12 verbose parsed url   hostname: null,
12 verbose parsed url   hash: null,
12 verbose parsed url   search: null,
12 verbose parsed url   query: null,
12 verbose parsed url   pathname: '2.3.1',
12 verbose parsed url   path: '2.3.1',
12 verbose parsed url   href: '2.3.1' }
13 verbose cache add name="ejs" spec="^0.8.8" args=["ejs","^0.8.8"]
14 verbose parsed url { protocol: null,
14 verbose parsed url   slashes: null,
14 verbose parsed url   auth: null,
14 verbose parsed url   host: null,
14 verbose parsed url   port: null,
14 verbose parsed url   hostname: null,
14 verbose parsed url   hash: null,
14 verbose parsed url   search: null,
14 verbose parsed url   query: null,
14 verbose parsed url   pathname: '^0.8.8',
14 verbose parsed url   path: '^0.8.8',
14 verbose parsed url   href: '^0.8.8' }
15 verbose addNamed [ 'ejs', '^0.8.8' ]
16 verbose addNamed [ null, '>=0.8.8-0 <0.9.0-0' ]
17 silly lockFile a1bfa4f7-ejs-0-8-8 ejs@^0.8.8
18 verbose lock ejs@^0.8.8 C:\Users\GPEwind\AppData\Roaming\npm-cache\a1bfa4f7-ejs-0-8-8.lock
19 silly lockFile 01b1c534-2-3-1 2.3.1
20 verbose lock 2.3.1 C:\Users\GPEwind\AppData\Roaming\npm-cache\01b1c534-2-3-1.lock
21 silly addNameRange { name: 'ejs', range: '>=0.8.8-0 <0.9.0-0', hasData: false }
22 silly lockFile 01b1c534-2-3-1 2.3.1
23 silly lockFile 01b1c534-2-3-1 2.3.1
24 verbose request where is /ejs
25 verbose request registry https://registry.npmjs.org/
26 verbose request id 47221231beb47cef
27 verbose url raw /ejs
28 verbose url resolving [ 'https://registry.npmjs.org/', './ejs' ]
29 verbose url resolved https://registry.npmjs.org/ejs
30 verbose request where is https://registry.npmjs.org/ejs
31 info trying registry request attempt 1 at 17:44:05
32 verbose etag "1QEKQLF8CCEMK7ITQ8QJ3QDYQ"
33 http GET https://registry.npmjs.org/ejs
34 verbose addNamed [ '2.3.1', '' ]
35 verbose addNamed [ null, '*' ]
36 silly lockFile b28e73c6-2-3-1 2.3.1@
37 verbose lock 2.3.1@ C:\Users\GPEwind\AppData\Roaming\npm-cache\b28e73c6-2-3-1.lock
38 silly addNameRange { name: '2.3.1', range: '*', hasData: false }
39 verbose request where is /2.3.1
40 verbose request registry https://registry.npmjs.org/
41 verbose url raw /2.3.1
42 verbose url resolving [ 'https://registry.npmjs.org/', './2.3.1' ]
43 verbose url resolved https://registry.npmjs.org/2.3.1
44 verbose request where is https://registry.npmjs.org/2.3.1
45 info trying registry request attempt 1 at 17:44:05
46 http GET https://registry.npmjs.org/2.3.1
47 http 304 https://registry.npmjs.org/ejs
48 silly registry.get cb [ 304,
48 silly registry.get   { date: 'Fri, 17 Apr 2015 15:44:05 GMT',
48 silly registry.get     server: 'Apache',
48 silly registry.get     via: '1.1 varnish',
48 silly registry.get     'last-modified': 'Fri, 17 Apr 2015 15:44:05 GMT',
48 silly registry.get     'cache-control': 'max-age=60',
48 silly registry.get     etag: '"1QEKQLF8CCEMK7ITQ8QJ3QDYQ"',
48 silly registry.get     age: '49',
48 silly registry.get     'x-served-by': 'cache-fra1236-FRA',
48 silly registry.get     'x-cache': 'HIT',
48 silly registry.get     'x-cache-hits': '1',
48 silly registry.get     'x-timer': 'S1429285445.675976,VS0,VE0',
48 silly registry.get     vary: 'Accept',
48 silly registry.get     'content-length': '0',
48 silly registry.get     'keep-alive': 'timeout=10, max=50',
48 silly registry.get     connection: 'Keep-Alive' } ]
49 verbose etag https://registry.npmjs.org/ejs from cache
50 silly addNameRange number 2 { name: 'ejs', range: '>=0.8.8-0 <0.9.0-0', hasData: true }
51 silly addNameRange versions [ 'ejs',
51 silly addNameRange   [ '0.0.1',
51 silly addNameRange     '0.0.2',
51 silly addNameRange     '0.0.3',
51 silly addNameRange     '0.0.4',
51 silly addNameRange     '0.1.0',
51 silly addNameRange     '0.2.0',
51 silly addNameRange     '0.2.1',
51 silly addNameRange     '0.3.0',
51 silly addNameRange     '0.3.1',
51 silly addNameRange     '0.4.0',
51 silly addNameRange     '0.4.1',
51 silly addNameRange     '0.4.2',
51 silly addNameRange     '0.4.3',
51 silly addNameRange     '0.5.0',
51 silly addNameRange     '0.6.0',
51 silly addNameRange     '0.6.1',
51 silly addNameRange     '0.7.0',
51 silly addNameRange     '0.7.1',
51 silly addNameRange     '0.7.2',
51 silly addNameRange     '0.8.0',
51 silly addNameRange     '0.8.1',
51 silly addNameRange     '0.8.2',
51 silly addNameRange     '0.8.3',
51 silly addNameRange     '0.8.4',
51 silly addNameRange     '0.8.5',
51 silly addNameRange     '0.8.6',
51 silly addNameRange     '0.8.8',
51 silly addNameRange     '1.0.0',
51 silly addNameRange     '2.0.2',
51 silly addNameRange     '2.0.3',
51 silly addNameRange     '2.0.4',
51 silly addNameRange     '2.0.5',
51 silly addNameRange     '2.0.6',
51 silly addNameRange     '2.0.7',
51 silly addNameRange     '2.0.8',
51 silly addNameRange     '2.1.1',
51 silly addNameRange     '2.1.2',
51 silly addNameRange     '2.1.3',
51 silly addNameRange     '2.1.4',
51 silly addNameRange     '2.2.1',
51 silly addNameRange     '2.2.2',
51 silly addNameRange     '2.2.3',
51 silly addNameRange     '2.2.4',
51 silly addNameRange     '2.3.1' ] ]
52 verbose addNamed [ 'ejs', '0.8.8' ]
53 verbose addNamed [ '0.8.8', '0.8.8' ]
54 silly lockFile 37d7c450-ejs-0-8-8 ejs@0.8.8
55 verbose lock ejs@0.8.8 C:\Users\GPEwind\AppData\Roaming\npm-cache\37d7c450-ejs-0-8-8.lock
56 silly lockFile 37d7c450-ejs-0-8-8 ejs@0.8.8
57 silly lockFile 37d7c450-ejs-0-8-8 ejs@0.8.8
58 silly lockFile a1bfa4f7-ejs-0-8-8 ejs@^0.8.8
59 silly lockFile a1bfa4f7-ejs-0-8-8 ejs@^0.8.8
60 http 404 https://registry.npmjs.org/2.3.1
61 verbose headers { date: 'Fri, 17 Apr 2015 15:44:06 GMT',
61 verbose headers   server: 'CouchDB/1.5.0 (Erlang OTP/R16B03)',
61 verbose headers   'content-type': 'application/json',
61 verbose headers   'cache-control': 'max-age=0',
61 verbose headers   'content-length': '51',
61 verbose headers   'accept-ranges': 'bytes',
61 verbose headers   via: '1.1 varnish',
61 verbose headers   age: '0',
61 verbose headers   'x-served-by': 'cache-fra1232-FRA',
61 verbose headers   'x-cache': 'MISS',
61 verbose headers   'x-cache-hits': '0',
61 verbose headers   'x-timer': 'S1429285445.676804,VS0,VE702',
61 verbose headers   'keep-alive': 'timeout=10, max=50',
61 verbose headers   connection: 'Keep-Alive' }
62 silly registry.get cb [ 404,
62 silly registry.get   { date: 'Fri, 17 Apr 2015 15:44:06 GMT',
62 silly registry.get     server: 'CouchDB/1.5.0 (Erlang OTP/R16B03)',
62 silly registry.get     'content-type': 'application/json',
62 silly registry.get     'cache-control': 'max-age=0',
62 silly registry.get     'content-length': '51',
62 silly registry.get     'accept-ranges': 'bytes',
62 silly registry.get     via: '1.1 varnish',
62 silly registry.get     age: '0',
62 silly registry.get     'x-served-by': 'cache-fra1232-FRA',
62 silly registry.get     'x-cache': 'MISS',
62 silly registry.get     'x-cache-hits': '0',
62 silly registry.get     'x-timer': 'S1429285445.676804,VS0,VE702',
62 silly registry.get     'keep-alive': 'timeout=10, max=50',
62 silly registry.get     connection: 'Keep-Alive' } ]
63 silly lockFile b28e73c6-2-3-1 2.3.1@
64 silly lockFile b28e73c6-2-3-1 2.3.1@
65 error 404 404 Not Found: 2.3.1
65 error 404
65 error 404 '2.3.1' is not in the npm registry.
65 error 404 You should bug the author to publish it
65 error 404 It was specified as a dependency of 'pitchAngle'
65 error 404
65 error 404 Note that you can also install from a
65 error 404 tarball, folder, or http url, or git url.
66 error System Windows_NT 6.2.9200
67 error command "C:\\Program Files\\nodejs\\\\node.exe" "C:\\Program Files\\nodejs\\node_modules\\npm\\bin\\npm-cli.js" "install" "ejs" "2.3.1"
68 error cwd C:\Users\GPEwind\Documents\GitHub\stopWind
69 error node -v v0.10.32
70 error npm -v 1.4.28
71 error code E404
72 verbose exit [ 1, true ]
